<?xml version="1.0" encoding="UTF-8"?>
<testsuite name="parcial.CreateUser" tests="1" skipped="0" failures="0" errors="0" timestamp="2024-10-23T21:38:13" hostname="VAL3PC" time="5.172">
  <properties/>
  <testcase name="Create a project with token" classname="parcial.CreateUser" time="5.172"/>
  <system-out><![CDATA[Request method:	GET
Request URI:	https://todo.ly/api/authentication/token.json
Proxy:			<none>
Request params:	<none>
Query params:	<none>
Form params:	<none>
Path params:	<none>
Headers:		Authorization=Basic dmFsZXJpYS5wYXJjaWFsQHFhLmNvbTpQcnVlYmFzMTIz
				Accept=*/*
Cookies:		<none>
Multiparts:		<none>
Body:			<none>
HTTP/1.1 200 OK
Cache-Control: no-cache, no-store, must-revalidate
Pragma: no-cache
Content-Type: application/json; charset=utf-8
Expires: -1
Server: Microsoft-IIS/8.0
Set-Cookie: ASP.NET_SessionId=jbpl14n2tkyrbozmvtnb4drv; path=/; HttpOnly; SameSite=Lax
X-AspNetMvc-Version: 2.0
X-AspNet-Version: 4.0.30319
X-Powered-By: ASP.NET
Date: Wed, 23 Oct 2024 21:38:18 GMT
Content-Length: 130

{
    "TokenString": "828bf303ba6042a9a0c8ec9e0d6b3779",
    "UserEmail": "valeria.parcial@qa.com",
    "ExpirationTime": "/Date(1729737498033)/"
}
Request method:	POST
Request URI:	https://todo.ly/api/projects.json
Proxy:			<none>
Request params:	<none>
Query params:	<none>
Form params:	<none>
Path params:	<none>
Headers:		Token=828bf303ba6042a9a0c8ec9e0d6b3779
				Accept=*/*
				Content-Type=text/plain; charset=ISO-8859-1
Cookies:		<none>
Multiparts:		<none>
Body:
{"Content":"Valeria Proyecto de Prueba"}
HTTP/1.1 200 OK
Cache-Control: no-cache, no-store, must-revalidate
Pragma: no-cache
Content-Type: application/json; charset=utf-8
Expires: -1
Server: Microsoft-IIS/8.0
Set-Cookie: ASP.NET_SessionId=yaihq2maudndg4zcwso3cgsi; path=/; HttpOnly; SameSite=Lax
X-AspNetMvc-Version: 2.0
X-AspNet-Version: 4.0.30319
X-Powered-By: ASP.NET
Date: Wed, 23 Oct 2024 21:38:19 GMT
Content-Length: 414

{
    "Id": 4370662,
    "Content": "Valeria Proyecto de Prueba",
    "ItemsCount": 0,
    "Icon": 0,
    "ItemType": 2,
    "ParentId": null,
    "Collapsed": false,
    "ItemOrder": 6,
    "Children": [
        
    ],
    "IsProjectShared": false,
    "ProjectShareOwnerName": null,
    "ProjectShareOwnerEmail": null,
    "IsShareApproved": false,
    "IsOwnProject": true,
    "LastSyncedDateTime": "/Date(1729719500309)/",
    "LastUpdatedDate": "/Date(1729719500293)/",
    "Deleted": false,
    "SyncClientCreationId": null
}
]]></system-out>
  <system-err><![CDATA[]]></system-err>
</testsuite>
